#
# There is insufficient memory for the Java Runtime Environment to continue.
# Native memory allocation (mmap) failed to map 98566144 bytes for G1 virtual space
# Possible reasons:
#   The system is out of physical RAM or swap space
#   The process is running with CompressedOops enabled, and the Java Heap may be blocking the growth of the native heap
# Possible solutions:
#   Reduce memory load on the system
#   Increase physical memory or swap space
#   Check if swap backing store is full
#   Decrease Java heap size (-Xmx/-Xms)
#   Decrease number of Java threads
#   Decrease Java thread stack sizes (-Xss)
#   Set larger code cache with -XX:ReservedCodeCacheSize=
#   JVM is running with Unscaled Compressed Oops mode in which the Java heap is
#     placed in the first 4GB address space. The Java Heap base address is the
#     maximum limit for the native heap growth. Please use -XX:HeapBaseMinAddress
#     to set the Java Heap base and to place the Java Heap above 4GB virtual address.
# This output file may be truncated or incomplete.
#
#  Out of Memory Error (os_windows.cpp:3466), pid=9528, tid=6724
#
# JRE version: Java(TM) SE Runtime Environment (16.0.2+7) (build 16.0.2+7-67)
# Java VM: Java HotSpot(TM) 64-Bit Server VM (16.0.2+7-67, mixed mode, sharing, tiered, compressed oops, compressed class ptrs, g1 gc, windows-amd64)
# No core dump will be written. Minidumps are not enabled by default on client versions of Windows
#

---------------  S U M M A R Y ------------

Command Line: com.casjedcem.CasjedcemApplication

Host: Intel(R) Core(TM) i5-2540M CPU @ 2.60GHz, 4 cores, 3G,  Windows 10 , 64 bit Build 19041 (10.0.19041.1706)
Time: Wed Jun  8 11:02:19 2022 W. Central Africa Standard Time elapsed time: 6469.431568 seconds (0d 1h 47m 49s)

---------------  T H R E A D  ---------------

Current thread (0x0000021e367c05c0):  VMThread "VM Thread" [stack: 0x000000b45b000000,0x000000b45b100000] [id=6724]

Stack: [0x000000b45b000000,0x000000b45b100000]
Native frames: (J=compiled Java code, j=interpreted, Vv=VM code, C=native code)
V  [jvm.dll+0x6681ca]
V  [jvm.dll+0x7c9e69]
V  [jvm.dll+0x7cb61e]
V  [jvm.dll+0x7cbc73]
V  [jvm.dll+0x242c55]
V  [jvm.dll+0x664f89]
V  [jvm.dll+0x659b75]
V  [jvm.dll+0x2fbfbb]
V  [jvm.dll+0x3031b6]
V  [jvm.dll+0x35299e]
V  [jvm.dll+0x352bcf]
V  [jvm.dll+0x2d3028]
V  [jvm.dll+0x2d0bb5]
V  [jvm.dll+0x2d01ec]
V  [jvm.dll+0x3152d2]
V  [jvm.dll+0x7d00ab]
V  [jvm.dll+0x7d0da4]
V  [jvm.dll+0x7d12a9]
V  [jvm.dll+0x7d1564]
V  [jvm.dll+0x7d1630]
V  [jvm.dll+0x7795aa]
V  [jvm.dll+0x667066]
C  [ucrtbase.dll+0x21bb2]
C  [KERNEL32.DLL+0x17034]
C  [ntdll.dll+0x52651]

VM_Operation (0x000000b45cbfbf30): G1CollectForAllocation, mode: safepoint, requested by thread 0x0000021e53593970


---------------  P R O C E S S  ---------------

Threads class SMR info:
_java_thread_list=0x0000021e57677120, length=25, elements={
0x0000021e367c49b0, 0x0000021e367c8020, 0x0000021e367db9c0, 0x0000021e367de4d0,
0x0000021e517ee6f0, 0x0000021e517f2ca0, 0x0000021e51817560, 0x0000021e51819e00,
0x0000021e5182eef0, 0x0000021e52484320, 0x0000021e52488440, 0x0000021e53593ec0,
0x0000021e53591990, 0x0000021e5a8100b0, 0x0000021e5756ead0, 0x0000021e57572a90,
0x0000021e5756f020, 0x0000021e5756bb00, 0x0000021e5756d040, 0x0000021e5756d590,
0x0000021e5756dae0, 0x0000021e5756e030, 0x0000021e5756c5a0, 0x0000021e53591ee0,
0x0000021e53593970
}

Java Threads: ( => current thread )
  0x0000021e367c49b0 JavaThread "Reference Handler" daemon [_thread_blocked, id=8204, stack(0x000000b45b100000,0x000000b45b200000)]
  0x0000021e367c8020 JavaThread "Finalizer" daemon [_thread_blocked, id=1228, stack(0x000000b45b200000,0x000000b45b300000)]
  0x0000021e367db9c0 JavaThread "Signal Dispatcher" daemon [_thread_blocked, id=12212, stack(0x000000b45b300000,0x000000b45b400000)]
  0x0000021e367de4d0 JavaThread "Attach Listener" daemon [_thread_blocked, id=2640, stack(0x000000b45b400000,0x000000b45b500000)]
  0x0000021e517ee6f0 JavaThread "Service Thread" daemon [_thread_blocked, id=10264, stack(0x000000b45b500000,0x000000b45b600000)]
  0x0000021e517f2ca0 JavaThread "Monitor Deflation Thread" daemon [_thread_blocked, id=8632, stack(0x000000b45b600000,0x000000b45b700000)]
  0x0000021e51817560 JavaThread "C2 CompilerThread0" daemon [_thread_blocked, id=444, stack(0x000000b45b700000,0x000000b45b800000)]
  0x0000021e51819e00 JavaThread "C1 CompilerThread0" daemon [_thread_blocked, id=6700, stack(0x000000b45b800000,0x000000b45b900000)]
  0x0000021e5182eef0 JavaThread "Sweeper thread" daemon [_thread_blocked, id=12176, stack(0x000000b45b900000,0x000000b45ba00000)]
  0x0000021e52484320 JavaThread "Notification Thread" daemon [_thread_blocked, id=10084, stack(0x000000b45ba00000,0x000000b45bb00000)]
  0x0000021e52488440 JavaThread "Common-Cleaner" daemon [_thread_blocked, id=1428, stack(0x000000b45bc00000,0x000000b45bd00000)]
  0x0000021e53593ec0 JavaThread "mysql-cj-abandoned-connection-cleanup" daemon [_thread_blocked, id=11568, stack(0x000000b45c800000,0x000000b45c900000)]
  0x0000021e53591990 JavaThread "Live Reload Server" daemon [_thread_in_native, id=240, stack(0x000000b45ca00000,0x000000b45cb00000)]
  0x0000021e5a8100b0 JavaThread "DestroyJavaVM" [_thread_blocked, id=6280, stack(0x000000b45aa00000,0x000000b45ab00000)]
  0x0000021e5756ead0 JavaThread "Thread-43" [_thread_blocked, id=6976, stack(0x000000b45a700000,0x000000b45a800000)]
  0x0000021e57572a90 JavaThread "File Watcher" daemon [_thread_blocked, id=8628, stack(0x000000b45a900000,0x000000b45aa00000)]
  0x0000021e5756f020 JavaThread "File Watcher" daemon [_thread_blocked, id=6920, stack(0x000000b45c300000,0x000000b45c400000)]
  0x0000021e5756bb00 JavaThread "File Watcher" daemon [_thread_blocked, id=8024, stack(0x000000b45c400000,0x000000b45c500000)]
  0x0000021e5756d040 JavaThread "File Watcher" daemon [_thread_blocked, id=7640, stack(0x000000b45c500000,0x000000b45c600000)]
  0x0000021e5756d590 JavaThread "File Watcher" daemon [_thread_blocked, id=10816, stack(0x000000b45bd00000,0x000000b45be00000)]
  0x0000021e5756dae0 JavaThread "File Watcher" daemon [_thread_blocked, id=624, stack(0x000000b45c200000,0x000000b45c300000)]
  0x0000021e5756e030 JavaThread "File Watcher" daemon [_thread_blocked, id=13012, stack(0x000000b45a800000,0x000000b45a900000)]
  0x0000021e5756c5a0 JavaThread "File Watcher" daemon [_thread_blocked, id=13296, stack(0x000000b45c600000,0x000000b45c700000)]
  0x0000021e53591ee0 JavaThread "File Watcher" daemon [_thread_blocked, id=3080, stack(0x000000b45c700000,0x000000b45c800000)]
  0x0000021e53593970 JavaThread "restartedMain" [_thread_blocked, id=9560, stack(0x000000b45cb00000,0x000000b45cc00000)]

Other Threads:
=>0x0000021e367c05c0 VMThread "VM Thread" [stack: 0x000000b45b000000,0x000000b45b100000] [id=6724]
  0x0000021e52484840 WatcherThread [stack: 0x000000b45bb00000,0x000000b45bc00000] [id=2620]
  0x0000021e3673b380 GCTaskThread "GC Thread#0" [stack: 0x000000b45ab00000,0x000000b45ac00000] [id=816]
  0x0000021e529db440 GCTaskThread "GC Thread#1" [stack: 0x000000b45be00000,0x000000b45bf00000] [id=1560]
  0x0000021e529db8d0 GCTaskThread "GC Thread#2" [stack: 0x000000b45bf00000,0x000000b45c000000] [id=3288]
  0x0000021e52ff9810 GCTaskThread "GC Thread#3" [stack: 0x000000b45c000000,0x000000b45c100000] [id=10944]
  0x0000021e367454d0 ConcurrentGCThread "G1 Main Marker" [stack: 0x000000b45ac00000,0x000000b45ad00000] [id=10172]
  0x0000021e367466e0 ConcurrentGCThread "G1 Conc#0" [stack: 0x000000b45ad00000,0x000000b45ae00000] [id=11180]
  0x0000021e36795470 ConcurrentGCThread "G1 Refine#0" [stack: 0x000000b45ae00000,0x000000b45af00000] [id=12192]
  0x0000021e52ff9b20 ConcurrentGCThread "G1 Refine#1" [stack: 0x000000b45c100000,0x000000b45c200000] [id=6972]
  0x0000021e36795ef0 ConcurrentGCThread "G1 Service" [stack: 0x000000b45af00000,0x000000b45b000000] [id=10928]

Threads with active compile tasks:
C2 CompilerThread0  6475057 17467   !   4       org.springframework.core.SerializableTypeWrapper$TypeProxyInvocationHandler::invoke (325 bytes)

VM state: at safepoint (normal execution)

VM Mutex/Monitor currently owned by a thread:  ([mutex/lock_event])
[0x0000021e3670cc80] Threads_lock - owner thread: 0x0000021e367c05c0
[0x0000021e3670d340] Heap_lock - owner thread: 0x0000021e53593970

Heap address: 0x00000000c1c00000, size: 996 MB, Compressed Oops mode: 32-bit

CDS archive(s) mapped at: [0x0000000800000000-0x0000000800bb0000-0x0000000800bb0000), size 12255232, SharedBaseAddress: 0x0000000800000000, ArchiveRelocationMode: 0.
Compressed class space mapped at: 0x0000000800c00000-0x0000000840c00000, reserved size: 1073741824
Narrow klass base: 0x0000000800000000, Narrow klass shift: 3, Narrow klass range: 0x100000000

GC Precious Log:
 CPUs: 4 total, 4 available
 Memory: 3979M
 Large Page Support: Disabled
 NUMA Support: Disabled
 Compressed Oops: Enabled (32-bit)
 Heap Region Size: 1M
 Heap Min Capacity: 8M
 Heap Initial Capacity: 64M
 Heap Max Capacity: 996M
 Pre-touch: Disabled
 Parallel Workers: 4
 Concurrent Workers: 1
 Concurrent Refinement Workers: 4
 Periodic GC: Disabled

Heap:
 garbage-first heap   total 96256K, used 38391K [0x00000000c1c00000, 0x0000000100000000)
  region size 1024K, 4 young (4096K), 4 survivors (4096K)
 Metaspace       used 86534K, committed 87552K, reserved 1130496K
  class space    used 10317K, committed 10816K, reserved 1048576K

Heap Regions: E=young(eden), S=young(survivor), O=old, HS=humongous(starts), HC=humongous(continues), CS=collection set, F=free, OA=open archive, CA=closed archive, TAMS=top-at-mark-start (previous, next)
|   0|0x00000000c1c00000, 0x00000000c1d00000, 0x00000000c1d00000|100%|HS|  |TAMS 0x00000000c1d00000, 0x00000000c1c00000| Untracked 
|   1|0x00000000c1d00000, 0x00000000c1dffff8, 0x00000000c1e00000| 99%| O|  |TAMS 0x00000000c1d00000, 0x00000000c1d00000| Untracked 
|   2|0x00000000c1e00000, 0x00000000c1effe50, 0x00000000c1f00000| 99%| O|  |TAMS 0x00000000c1e00000, 0x00000000c1e00000| Untracked 
|   3|0x00000000c1f00000, 0x00000000c1ffffc8, 0x00000000c2000000| 99%| O|  |TAMS 0x00000000c1f00000, 0x00000000c1f00000| Untracked 
|   4|0x00000000c2000000, 0x00000000c20ffff8, 0x00000000c2100000| 99%| O|  |TAMS 0x00000000c2000000, 0x00000000c2000000| Untracked 
|   5|0x00000000c2100000, 0x00000000c21ffff8, 0x00000000c2200000| 99%| O|  |TAMS 0x00000000c2100000, 0x00000000c2100000| Untracked 
|   6|0x00000000c2200000, 0x00000000c22ffff8, 0x00000000c2300000| 99%| O|  |TAMS 0x00000000c2200000, 0x00000000c2200000| Untracked 
|   7|0x00000000c2300000, 0x00000000c23ffff8, 0x00000000c2400000| 99%| O|  |TAMS 0x00000000c2300000, 0x00000000c2300000| Untracked 
|   8|0x00000000c2400000, 0x00000000c24fffd0, 0x00000000c2500000| 99%| O|  |TAMS 0x00000000c2400000, 0x00000000c2400000| Untracked 
|   9|0x00000000c2500000, 0x00000000c25ffff8, 0x00000000c2600000| 99%| O|  |TAMS 0x00000000c2500000, 0x00000000c2500000| Untracked 
|  10|0x00000000c2600000, 0x00000000c26ffff8, 0x00000000c2700000| 99%| O|  |TAMS 0x00000000c2600000, 0x00000000c2600000| Untracked 
|  11|0x00000000c2700000, 0x00000000c2800000, 0x00000000c2800000|100%| O|  |TAMS 0x00000000c2700000, 0x00000000c2700000| Untracked 
|  12|0x00000000c2800000, 0x00000000c28ffff8, 0x00000000c2900000| 99%| O|  |TAMS 0x00000000c2800000, 0x00000000c2800000| Untracked 
|  13|0x00000000c2900000, 0x00000000c2a00000, 0x00000000c2a00000|100%| O|  |TAMS 0x00000000c2900000, 0x00000000c2900000| Untracked 
|  14|0x00000000c2a00000, 0x00000000c2afffe8, 0x00000000c2b00000| 99%| O|  |TAMS 0x00000000c2a00000, 0x00000000c2a00000| Untracked 
|  15|0x00000000c2b00000, 0x00000000c2bffff8, 0x00000000c2c00000| 99%| O|  |TAMS 0x00000000c2b00000, 0x00000000c2b00000| Untracked 
|  16|0x00000000c2c00000, 0x00000000c2cfff80, 0x00000000c2d00000| 99%| O|  |TAMS 0x00000000c2c00000, 0x00000000c2c00000| Untracked 
|  17|0x00000000c2d00000, 0x00000000c2dffff8, 0x00000000c2e00000| 99%| O|  |TAMS 0x00000000c2d00000, 0x00000000c2d00000| Untracked 
|  18|0x00000000c2e00000, 0x00000000c2effff0, 0x00000000c2f00000| 99%| O|  |TAMS 0x00000000c2e00000, 0x00000000c2e00000| Untracked 
|  19|0x00000000c2f00000, 0x00000000c2fffff8, 0x00000000c3000000| 99%| O|  |TAMS 0x00000000c2f00000, 0x00000000c2f00000| Untracked 
|  20|0x00000000c3000000, 0x00000000c30ffff8, 0x00000000c3100000| 99%| O|  |TAMS 0x00000000c3000000, 0x00000000c3000000| Untracked 
|  21|0x00000000c3100000, 0x00000000c31fffe0, 0x00000000c3200000| 99%| O|  |TAMS 0x00000000c3100000, 0x00000000c3100000| Untracked 
|  22|0x00000000c3200000, 0x00000000c32ffff8, 0x00000000c3300000| 99%| O|  |TAMS 0x00000000c3200000, 0x00000000c3200000| Untracked 
|  23|0x00000000c3300000, 0x00000000c33ff838, 0x00000000c3400000| 99%| O|  |TAMS 0x00000000c3300000, 0x00000000c3300000| Untracked 
|  24|0x00000000c3400000, 0x00000000c34fffa0, 0x00000000c3500000| 99%| O|  |TAMS 0x00000000c3400000, 0x00000000c3400000| Untracked 
|  25|0x00000000c3500000, 0x00000000c35fff28, 0x00000000c3600000| 99%| O|  |TAMS 0x00000000c3500000, 0x00000000c3500000| Untracked 
|  26|0x00000000c3600000, 0x00000000c368c340, 0x00000000c3700000| 54%| O|  |TAMS 0x00000000c3600000, 0x00000000c3600000| Untracked 
|  27|0x00000000c3700000, 0x00000000c3774608, 0x00000000c3800000| 45%| O|  |TAMS 0x00000000c3700000, 0x00000000c3700000| Untracked 
|  28|0x00000000c3800000, 0x00000000c38772f0, 0x00000000c3900000| 46%| O|  |TAMS 0x00000000c3800000, 0x00000000c3800000| Untracked 
|  29|0x00000000c3900000, 0x00000000c3a00000, 0x00000000c3a00000|100%| O|  |TAMS 0x00000000c3900000, 0x00000000c3900000| Untracked 
|  30|0x00000000c3a00000, 0x00000000c3b00000, 0x00000000c3b00000|100%| O|  |TAMS 0x00000000c3a00000, 0x00000000c3a00000| Untracked 
|  31|0x00000000c3b00000, 0x00000000c3c00000, 0x00000000c3c00000|100%| O|  |TAMS 0x00000000c3b00000, 0x00000000c3b00000| Untracked 
|  32|0x00000000c3c00000, 0x00000000c3d00000, 0x00000000c3d00000|100%| O|  |TAMS 0x00000000c3c00000, 0x00000000c3c00000| Untracked 
|  33|0x00000000c3d00000, 0x00000000c3e00000, 0x00000000c3e00000|100%| O|  |TAMS 0x00000000c3d00000, 0x00000000c3d00000| Untracked 
|  34|0x00000000c3e00000, 0x00000000c3f00000, 0x00000000c3f00000|100%| O|  |TAMS 0x00000000c3e00000, 0x00000000c3e00000| Untracked 
|  35|0x00000000c3f00000, 0x00000000c3fdbe00, 0x00000000c4000000| 85%| O|  |TAMS 0x00000000c3f00000, 0x00000000c3f00000| Untracked 
|  36|0x00000000c4000000, 0x00000000c4000000, 0x00000000c4100000|  0%| F|  |TAMS 0x00000000c4000000, 0x00000000c4000000| Untracked 
|  37|0x00000000c4100000, 0x00000000c4100000, 0x00000000c4200000|  0%| F|  |TAMS 0x00000000c4100000, 0x00000000c4100000| Untracked 
|  38|0x00000000c4200000, 0x00000000c4200000, 0x00000000c4300000|  0%| F|  |TAMS 0x00000000c4200000, 0x00000000c4200000| Untracked 
|  39|0x00000000c4300000, 0x00000000c4300000, 0x00000000c4400000|  0%| F|  |TAMS 0x00000000c4300000, 0x00000000c4300000| Untracked 
|  40|0x00000000c4400000, 0x00000000c4400000, 0x00000000c4500000|  0%| F|  |TAMS 0x00000000c4400000, 0x00000000c4400000| Untracked 
|  41|0x00000000c4500000, 0x00000000c4500000, 0x00000000c4600000|  0%| F|  |TAMS 0x00000000c4500000, 0x00000000c4500000| Untracked 
|  42|0x00000000c4600000, 0x00000000c4600000, 0x00000000c4700000|  0%| F|  |TAMS 0x00000000c4600000, 0x00000000c4600000| Untracked 
|  43|0x00000000c4700000, 0x00000000c4700000, 0x00000000c4800000|  0%| F|  |TAMS 0x00000000c4700000, 0x00000000c4700000| Untracked 
|  44|0x00000000c4800000, 0x00000000c4800000, 0x00000000c4900000|  0%| F|  |TAMS 0x00000000c4800000, 0x00000000c4800000| Untracked 
|  45|0x00000000c4900000, 0x00000000c4900000, 0x00000000c4a00000|  0%| F|  |TAMS 0x00000000c4900000, 0x00000000c4900000| Untracked 
|  46|0x00000000c4a00000, 0x00000000c4a00000, 0x00000000c4b00000|  0%| F|  |TAMS 0x00000000c4a00000, 0x00000000c4a00000| Untracked 
|  47|0x00000000c4b00000, 0x00000000c4b2ae70, 0x00000000c4c00000| 16%| S|CS|TAMS 0x00000000c4b00000, 0x00000000c4b00000| Complete 
|  48|0x00000000c4c00000, 0x00000000c4d00000, 0x00000000c4d00000|100%| S|CS|TAMS 0x00000000c4c00000, 0x00000000c4c00000| Complete 
|  49|0x00000000c4d00000, 0x00000000c4e00000, 0x00000000c4e00000|100%| S|CS|TAMS 0x00000000c4d00000, 0x00000000c4d00000| Complete 
|  50|0x00000000c4e00000, 0x00000000c4f00000, 0x00000000c4f00000|100%| S|CS|TAMS 0x00000000c4e00000, 0x00000000c4e00000| Complete 
|  51|0x00000000c4f00000, 0x00000000c4f00000, 0x00000000c5000000|  0%| F|  |TAMS 0x00000000c4f00000, 0x00000000c4f00000| Untracked 
|  52|0x00000000c5000000, 0x00000000c5000000, 0x00000000c5100000|  0%| F|  |TAMS 0x00000000c5000000, 0x00000000c5000000| Untracked 
|  53|0x00000000c5100000, 0x00000000c5100000, 0x00000000c5200000|  0%| F|  |TAMS 0x00000000c5100000, 0x00000000c5100000| Untracked 
|  54|0x00000000c5200000, 0x00000000c5200000, 0x00000000c5300000|  0%| F|  |TAMS 0x00000000c5200000, 0x00000000c5200000| Untracked 
|  55|0x00000000c5300000, 0x00000000c5300000, 0x00000000c5400000|  0%| F|  |TAMS 0x00000000c5300000, 0x00000000c5300000| Untracked 
|  56|0x00000000c5400000, 0x00000000c5400000, 0x00000000c5500000|  0%| F|  |TAMS 0x00000000c5400000, 0x00000000c5400000| Untracked 
|  57|0x00000000c5500000, 0x00000000c5500000, 0x00000000c5600000|  0%| F|  |TAMS 0x00000000c5500000, 0x00000000c5500000| Untracked 
|  58|0x00000000c5600000, 0x00000000c5600000, 0x00000000c5700000|  0%| F|  |TAMS 0x00000000c5600000, 0x00000000c5600000| Untracked 
|  59|0x00000000c5700000, 0x00000000c5700000, 0x00000000c5800000|  0%| F|  |TAMS 0x00000000c5700000, 0x00000000c5700000| Untracked 
|  60|0x00000000c5800000, 0x00000000c5800000, 0x00000000c5900000|  0%| F|  |TAMS 0x00000000c5800000, 0x00000000c5800000| Untracked 
|  61|0x00000000c5900000, 0x00000000c5900000, 0x00000000c5a00000|  0%| F|  |TAMS 0x00000000c5900000, 0x00000000c5900000| Untracked 
|  62|0x00000000c5a00000, 0x00000000c5a00000, 0x00000000c5b00000|  0%| F|  |TAMS 0x00000000c5a00000, 0x00000000c5a00000| Untracked 
|  63|0x00000000c5b00000, 0x00000000c5b00000, 0x00000000c5c00000|  0%| F|  |TAMS 0x00000000c5b00000, 0x00000000c5b00000| Untracked 
|  64|0x00000000c5c00000, 0x00000000c5c00000, 0x00000000c5d00000|  0%| F|  |TAMS 0x00000000c5c00000, 0x00000000c5c00000| Untracked 
|  65|0x00000000c5d00000, 0x00000000c5d00000, 0x00000000c5e00000|  0%| F|  |TAMS 0x00000000c5d00000, 0x00000000c5d00000| Untracked 
|  66|0x00000000c5e00000, 0x00000000c5e00000, 0x00000000c5f00000|  0%| F|  |TAMS 0x00000000c5e00000, 0x00000000c5e00000| Untracked 
|  67|0x00000000c5f00000, 0x00000000c5f00000, 0x00000000c6000000|  0%| F|  |TAMS 0x00000000c5f00000, 0x00000000c5f00000| Untracked 
|  68|0x00000000c6000000, 0x00000000c6000000, 0x00000000c6100000|  0%| F|  |TAMS 0x00000000c6000000, 0x00000000c6000000| Untracked 
|  69|0x00000000c6100000, 0x00000000c6100000, 0x00000000c6200000|  0%| F|  |TAMS 0x00000000c6100000, 0x00000000c6100000| Untracked 
|  70|0x00000000c6200000, 0x00000000c6200000, 0x00000000c6300000|  0%| F|  |TAMS 0x00000000c6200000, 0x00000000c6200000| Untracked 
|  71|0x00000000c6300000, 0x00000000c6300000, 0x00000000c6400000|  0%| F|  |TAMS 0x00000000c6300000, 0x00000000c6300000| Untracked 
|  72|0x00000000c6400000, 0x00000000c6400000, 0x00000000c6500000|  0%| F|  |TAMS 0x00000000c6400000, 0x00000000c6400000| Untracked 
|  73|0x00000000c6500000, 0x00000000c6500000, 0x00000000c6600000|  0%| F|  |TAMS 0x00000000c6500000, 0x00000000c6500000| Untracked 
|  74|0x00000000c6600000, 0x00000000c6600000, 0x00000000c6700000|  0%| F|  |TAMS 0x00000000c6600000, 0x00000000c6600000| Untracked 
|  75|0x00000000c6700000, 0x00000000c6700000, 0x00000000c6800000|  0%| F|  |TAMS 0x00000000c6700000, 0x00000000c6700000| Untracked 
|  76|0x00000000c6800000, 0x00000000c6800000, 0x00000000c6900000|  0%| F|  |TAMS 0x00000000c6800000, 0x00000000c6800000| Untracked 
|  77|0x00000000c6900000, 0x00000000c6900000, 0x00000000c6a00000|  0%| F|  |TAMS 0x00000000c6900000, 0x00000000c6900000| Untracked 
|  78|0x00000000c6a00000, 0x00000000c6a00000, 0x00000000c6b00000|  0%| F|  |TAMS 0x00000000c6a00000, 0x00000000c6a00000| Untracked 
|  79|0x00000000c6b00000, 0x00000000c6b00000, 0x00000000c6c00000|  0%| F|  |TAMS 0x00000000c6b00000, 0x00000000c6b00000| Untracked 
|  80|0x00000000c6c00000, 0x00000000c6c00000, 0x00000000c6d00000|  0%| F|  |TAMS 0x00000000c6c00000, 0x00000000c6c00000| Untracked 
|  81|0x00000000c6d00000, 0x00000000c6d00000, 0x00000000c6e00000|  0%| F|  |TAMS 0x00000000c6d00000, 0x00000000c6d00000| Untracked 
|  82|0x00000000c6e00000, 0x00000000c6e00000, 0x00000000c6f00000|  0%| F|  |TAMS 0x00000000c6e00000, 0x00000000c6e00000| Untracked 
|  83|0x00000000c6f00000, 0x00000000c6f00000, 0x00000000c7000000|  0%| F|  |TAMS 0x00000000c6f00000, 0x00000000c6f00000| Untracked 
|  84|0x00000000c7000000, 0x00000000c7000000, 0x00000000c7100000|  0%| F|  |TAMS 0x00000000c7000000, 0x00000000c7000000| Untracked 
|  85|0x00000000c7100000, 0x00000000c7100000, 0x00000000c7200000|  0%| F|  |TAMS 0x00000000c7100000, 0x00000000c7100000| Untracked 
|  86|0x00000000c7200000, 0x00000000c7200000, 0x00000000c7300000|  0%| F|  |TAMS 0x00000000c7200000, 0x00000000c7200000| Untracked 
|  87|0x00000000c7300000, 0x00000000c7300000, 0x00000000c7400000|  0%| F|  |TAMS 0x00000000c7300000, 0x00000000c7300000| Untracked 
|  88|0x00000000c7400000, 0x00000000c7400000, 0x00000000c7500000|  0%| F|  |TAMS 0x00000000c7400000, 0x00000000c7400000| Untracked 
|  89|0x00000000c7500000, 0x00000000c7500000, 0x00000000c7600000|  0%| F|  |TAMS 0x00000000c7500000, 0x00000000c7500000| Untracked 
|  90|0x00000000c7600000, 0x00000000c7600000, 0x00000000c7700000|  0%| F|  |TAMS 0x00000000c7600000, 0x00000000c7600000| Untracked 
|  91|0x00000000c7700000, 0x00000000c7700000, 0x00000000c7800000|  0%| F|  |TAMS 0x00000000c7700000, 0x00000000c7700000| Untracked 
|  92|0x00000000c7800000, 0x00000000c7800000, 0x00000000c7900000|  0%| F|  |TAMS 0x00000000c7800000, 0x00000000c7800000| Untracked 
|  93|0x00000000c7900000, 0x00000000c7900000, 0x00000000c7a00000|  0%| F|  |TAMS 0x00000000c7900000, 0x00000000c7900000| Untracked 

Card table byte_map: [0x0000021e4d080000,0x0000021e4d280000] _byte_map_base: 0x0000021e4ca72000

Marking Bits (Prev, Next): (CMBitMap*) 0x0000021e3673bab0, (CMBitMap*) 0x0000021e3673ba70
 Prev Bits: [0x0000021e4e410000, 0x0000021e4f3a0000)
 Next Bits: [0x0000021e4d480000, 0x0000021e4e410000)

Polling page: 0x0000021e34700000

Metaspace:

Usage:
  Non-class:     74.43 MB used.
      Class:     10.08 MB used.
       Both:     84.51 MB used.

Virtual space:
  Non-class space:       80.00 MB reserved,      74.94 MB ( 94%) committed,  10 nodes.
      Class space:        1.00 GB reserved,      10.56 MB (  1%) committed,  1 nodes.
              Both:        1.08 GB reserved,      85.50 MB (  8%) committed. 

Chunk freelists:
   Non-Class:  1.09 MB
       Class:  1.35 MB
        Both:  2.45 MB

MaxMetaspaceSize: 17179869184.00 GB
CompressedClassSpaceSize: 1.00 GB
 - commit_granule_bytes: 65536.
 - commit_granule_words: 8192.
 - virtual_space_node_default_size: 1048576.
 - enlarge_chunks_in_place: 1.
 - new_chunks_are_fully_committed: 0.
 - uncommit_free_chunks: 1.
 - use_allocation_guard: 0.
 - handle_deallocations: 1.


Internal statistics:

num_allocs_failed_limit: 6.
num_arena_births: 1390.
num_arena_deaths: 166.
num_vsnodes_births: 11.
num_vsnodes_deaths: 0.
num_space_committed: 1368.
num_space_uncommitted: 0.
num_chunks_returned_to_freelist: 221.
num_chunks_taken_from_freelist: 5238.
num_chunk_merges: 49.
num_chunk_splits: 3175.
num_chunks_enlarged: 2030.
num_purges: 22.

CodeHeap 'non-profiled nmethods': size=120000Kb used=13018Kb max_used=13018Kb free=106981Kb
 bounds [0x0000021e45950000, 0x0000021e46610000, 0x0000021e4ce80000]
CodeHeap 'profiled nmethods': size=120000Kb used=30382Kb max_used=30382Kb free=89617Kb
 bounds [0x0000021e3e420000, 0x0000021e401d0000, 0x0000021e45950000]
CodeHeap 'non-nmethods': size=5760Kb used=1380Kb max_used=1451Kb free=4379Kb
 bounds [0x0000021e3de80000, 0x0000021e3e0f0000, 0x0000021e3e420000]
 total_blobs=14917 nmethods=14209 adapters=619
 compilation: enabled
              stopped_count=0, restarted_count=0
 full_count=0

Compilation events (20 events):
Event: 6466.299 Thread 0x0000021e51817560 nmethod 17455 0x0000021e465fbe10 code [0x0000021e465fc060, 0x0000021e465fc840]
Event: 6466.300 Thread 0x0000021e51817560 17459   !   4       java.io.File::toPath (54 bytes)
Event: 6466.348 Thread 0x0000021e51817560 nmethod 17459 0x0000021e465fd190 code [0x0000021e465fd340, 0x0000021e465fdac8]
Event: 6466.357 Thread 0x0000021e51817560 17460       4       java.nio.ByteBuffer::put (124 bytes)
Event: 6466.438 Thread 0x0000021e51817560 nmethod 17460 0x0000021e465fdd90 code [0x0000021e465fdf60, 0x0000021e465fe678]
Event: 6466.438 Thread 0x0000021e51817560 17461   !   4       org.springframework.beans.factory.support.DefaultListableBeanFactory::registerBeanDefinition (478 bytes)
Event: 6466.856 Thread 0x0000021e51819e00 17463       3       sun.net.www.protocol.jar.JarURLConnection::setUseCaches (9 bytes)
Event: 6466.857 Thread 0x0000021e51819e00 nmethod 17463 0x0000021e401ce090 code [0x0000021e401ce240, 0x0000021e401ce428]
Event: 6466.943 Thread 0x0000021e51817560 nmethod 17461 0x0000021e465fef10 code [0x0000021e465ff240, 0x0000021e46602760]
Event: 6466.944 Thread 0x0000021e51817560 17462       4       org.springframework.core.type.classreading.SimpleAnnotationMetadata::getInterfaceNames (11 bytes)
Event: 6466.950 Thread 0x0000021e51817560 nmethod 17462 0x0000021e46604310 code [0x0000021e466044a0, 0x0000021e466045f8]
Event: 6467.453 Thread 0x0000021e51817560 17464       4       org.springframework.asm.Type::getClassName (172 bytes)
Event: 6467.575 Thread 0x0000021e51817560 nmethod 17464 0x0000021e46604710 code [0x0000021e46604940, 0x0000021e46605590]
Event: 6467.613 Thread 0x0000021e51817560 17465       4       java.util.WeakHashMap::getEntry (70 bytes)
Event: 6467.636 Thread 0x0000021e51817560 nmethod 17465 0x0000021e46605c10 code [0x0000021e46605dc0, 0x0000021e46606098]
Event: 6467.733 Thread 0x0000021e51817560 17466       4       java.util.WeakHashMap::containsKey (14 bytes)
Event: 6467.755 Thread 0x0000021e51817560 nmethod 17466 0x0000021e46606310 code [0x0000021e466064c0, 0x0000021e46606798]
Event: 6468.008 Thread 0x0000021e51817560 17467   !   4       org.springframework.core.SerializableTypeWrapper$TypeProxyInvocationHandler::invoke (325 bytes)
Event: 6468.070 Thread 0x0000021e51819e00 17468       3       org.springframework.core.env.EnumerablePropertySource::<init> (7 bytes)
Event: 6468.071 Thread 0x0000021e51819e00 nmethod 17468 0x0000021e401ce510 code [0x0000021e401ce6c0, 0x0000021e401ce808]

GC Heap History (20 events):
Event: 6291.596 GC heap after
{Heap after GC invocations=128 (full 11):
 garbage-first heap   total 96256K, used 29892K [0x00000000c1c00000, 0x0000000100000000)
  region size 1024K, 1 young (1024K), 1 survivors (1024K)
 Metaspace       used 85188K, committed 86144K, reserved 1130496K
  class space    used 10195K, committed 10624K, reserved 1048576K
}
Event: 6349.174 GC heap before
{Heap before GC invocations=128 (full 11):
 garbage-first heap   total 96256K, used 83140K [0x00000000c1c00000, 0x0000000100000000)
  region size 1024K, 53 young (54272K), 1 survivors (1024K)
 Metaspace       used 85381K, committed 86336K, reserved 1130496K
  class space    used 10217K, committed 10688K, reserved 1048576K
}
Event: 6349.338 GC heap after
{Heap after GC invocations=129 (full 11):
 garbage-first heap   total 96256K, used 31848K [0x00000000c1c00000, 0x0000000100000000)
  region size 1024K, 3 young (3072K), 3 survivors (3072K)
 Metaspace       used 85381K, committed 86336K, reserved 1130496K
  class space    used 10217K, committed 10688K, reserved 1048576K
}
Event: 6349.909 GC heap before
{Heap before GC invocations=129 (full 11):
 garbage-first heap   total 96256K, used 78952K [0x00000000c1c00000, 0x0000000100000000)
  region size 1024K, 50 young (51200K), 3 survivors (3072K)
 Metaspace       used 85414K, committed 86400K, reserved 1130496K
  class space    used 10219K, committed 10688K, reserved 1048576K
}
Event: 6349.928 GC heap after
{Heap after GC invocations=130 (full 11):
 garbage-first heap   total 96256K, used 32660K [0x00000000c1c00000, 0x0000000100000000)
  region size 1024K, 4 young (4096K), 4 survivors (4096K)
 Metaspace       used 85414K, committed 86400K, reserved 1130496K
  class space    used 10219K, committed 10688K, reserved 1048576K
}
Event: 6381.003 GC heap before
{Heap before GC invocations=130 (full 11):
 garbage-first heap   total 96256K, used 77716K [0x00000000c1c00000, 0x0000000100000000)
  region size 1024K, 49 young (50176K), 4 survivors (4096K)
 Metaspace       used 85515K, committed 86464K, reserved 1130496K
  class space    used 10232K, committed 10688K, reserved 1048576K
}
Event: 6381.029 GC heap after
{Heap after GC invocations=131 (full 11):
 garbage-first heap   total 96256K, used 31715K [0x00000000c1c00000, 0x0000000100000000)
  region size 1024K, 3 young (3072K), 3 survivors (3072K)
 Metaspace       used 85515K, committed 86464K, reserved 1130496K
  class space    used 10232K, committed 10688K, reserved 1048576K
}
Event: 6404.627 GC heap before
{Heap before GC invocations=131 (full 11):
 garbage-first heap   total 96256K, used 76771K [0x00000000c1c00000, 0x0000000100000000)
  region size 1024K, 48 young (49152K), 3 survivors (3072K)
 Metaspace       used 85652K, committed 86656K, reserved 1130496K
  class space    used 10250K, committed 10752K, reserved 1048576K
}
Event: 6404.738 GC heap after
{Heap after GC invocations=132 (full 11):
 garbage-first heap   total 96256K, used 33086K [0x00000000c1c00000, 0x0000000100000000)
  region size 1024K, 4 young (4096K), 4 survivors (4096K)
 Metaspace       used 85652K, committed 86656K, reserved 1130496K
  class space    used 10250K, committed 10752K, reserved 1048576K
}
Event: 6431.224 GC heap before
{Heap before GC invocations=132 (full 11):
 garbage-first heap   total 96256K, used 77118K [0x00000000c1c00000, 0x0000000100000000)
  region size 1024K, 47 young (48128K), 4 survivors (4096K)
 Metaspace       used 85882K, committed 86848K, reserved 1130496K
  class space    used 10275K, committed 10752K, reserved 1048576K
}
Event: 6431.332 GC heap after
{Heap after GC invocations=133 (full 11):
 garbage-first heap   total 96256K, used 34487K [0x00000000c1c00000, 0x0000000100000000)
  region size 1024K, 4 young (4096K), 4 survivors (4096K)
 Metaspace       used 85882K, committed 86848K, reserved 1130496K
  class space    used 10275K, committed 10752K, reserved 1048576K
}
Event: 6432.418 GC heap before
{Heap before GC invocations=133 (full 11):
 garbage-first heap   total 96256K, used 76471K [0x00000000c1c00000, 0x0000000100000000)
  region size 1024K, 46 young (47104K), 4 survivors (4096K)
 Metaspace       used 85912K, committed 86912K, reserved 1130496K
  class space    used 10277K, committed 10752K, reserved 1048576K
}
Event: 6432.745 GC heap after
{Heap after GC invocations=134 (full 11):
 garbage-first heap   total 96256K, used 35376K [0x00000000c1c00000, 0x0000000100000000)
  region size 1024K, 4 young (4096K), 4 survivors (4096K)
 Metaspace       used 85912K, committed 86912K, reserved 1130496K
  class space    used 10277K, committed 10752K, reserved 1048576K
}
Event: 6435.722 GC heap before
{Heap before GC invocations=134 (full 11):
 garbage-first heap   total 96256K, used 59952K [0x00000000c1c00000, 0x0000000100000000)
  region size 1024K, 29 young (29696K), 4 survivors (4096K)
 Metaspace       used 85959K, committed 86976K, reserved 1130496K
  class space    used 10279K, committed 10752K, reserved 1048576K
}
Event: 6436.103 GC heap after
{Heap after GC invocations=135 (full 11):
 garbage-first heap   total 96256K, used 35982K [0x00000000c1c00000, 0x0000000100000000)
  region size 1024K, 2 young (2048K), 2 survivors (2048K)
 Metaspace       used 85959K, committed 86976K, reserved 1130496K
  class space    used 10279K, committed 10752K, reserved 1048576K
}
Event: 6443.166 GC heap before
{Heap before GC invocations=135 (full 11):
 garbage-first heap   total 96256K, used 78990K [0x00000000c1c00000, 0x0000000100000000)
  region size 1024K, 44 young (45056K), 2 survivors (2048K)
 Metaspace       used 86251K, committed 87232K, reserved 1130496K
  class space    used 10293K, committed 10752K, reserved 1048576K
}
Event: 6443.208 GC heap after
{Heap after GC invocations=136 (full 11):
 garbage-first heap   total 96256K, used 37401K [0x00000000c1c00000, 0x0000000100000000)
  region size 1024K, 4 young (4096K), 4 survivors (4096K)
 Metaspace       used 86251K, committed 87232K, reserved 1130496K
  class space    used 10293K, committed 10752K, reserved 1048576K
}
Event: 6446.146 GC heap before
{Heap before GC invocations=136 (full 11):
 garbage-first heap   total 96256K, used 64025K [0x00000000c1c00000, 0x0000000100000000)
  region size 1024K, 30 young (30720K), 4 survivors (4096K)
 Metaspace       used 86418K, committed 87424K, reserved 1130496K
  class space    used 10302K, committed 10816K, reserved 1048576K
}
Event: 6446.294 GC heap after
{Heap after GC invocations=137 (full 11):
 garbage-first heap   total 96256K, used 36879K [0x00000000c1c00000, 0x0000000100000000)
  region size 1024K, 2 young (2048K), 2 survivors (2048K)
 Metaspace       used 86418K, committed 87424K, reserved 1130496K
  class space    used 10302K, committed 10816K, reserved 1048576K
}
Event: 6468.336 GC heap before
{Heap before GC invocations=137 (full 11):
 garbage-first heap   total 96256K, used 77839K [0x00000000c1c00000, 0x0000000100000000)
  region size 1024K, 43 young (44032K), 2 survivors (2048K)
 Metaspace       used 86534K, committed 87552K, reserved 1130496K
  class space    used 10317K, committed 10816K, reserved 1048576K
}

Deoptimization events (20 events):
Event: 6436.125 Thread 0x0000021e53590ef0 Uncommon trap: trap_request=0xffffffbe fr.pc=0x0000021e465b8b74 relative=0x00000000000010f4
Event: 6436.125 Thread 0x0000021e53590ef0 Uncommon trap: reason=profile_predicate action=maybe_recompile pc=0x0000021e465b8b74 method=sun.security.util.math.IntegerModuloP.pow(Ljava/math/BigInteger;)Lsun/security/util/math/ImmutableIntegerModuloP; @ 37 c2
Event: 6436.125 Thread 0x0000021e53590ef0 DEOPT PACKING pc=0x0000021e465b8b74 sp=0x000000b45cffd9f0
Event: 6436.126 Thread 0x0000021e53590ef0 DEOPT UNPACKING pc=0x0000021e3decd72e sp=0x000000b45cffda08 mode 2
Event: 6436.325 Thread 0x0000021e53590ef0 Uncommon trap: trap_request=0xffffffbe fr.pc=0x0000021e465b8b74 relative=0x00000000000010f4
Event: 6436.325 Thread 0x0000021e53590ef0 Uncommon trap: reason=profile_predicate action=maybe_recompile pc=0x0000021e465b8b74 method=sun.security.util.math.IntegerModuloP.pow(Ljava/math/BigInteger;)Lsun/security/util/math/ImmutableIntegerModuloP; @ 37 c2
Event: 6436.325 Thread 0x0000021e53590ef0 DEOPT PACKING pc=0x0000021e465b8b74 sp=0x000000b45cffd950
Event: 6436.325 Thread 0x0000021e53590ef0 DEOPT UNPACKING pc=0x0000021e3decd72e sp=0x000000b45cffd958 mode 2
Event: 6436.733 Thread 0x0000021e5756e580 Uncommon trap: trap_request=0xfffffff4 fr.pc=0x0000021e45d49a60 relative=0x0000000000000480
Event: 6436.733 Thread 0x0000021e5756e580 Uncommon trap: reason=null_check action=make_not_entrant pc=0x0000021e45d49a60 method=net.bytebuddy.description.annotation.AnnotationDescription$ForLoadedAnnotation.asValue(Ljava/lang/Object;Ljava/lang/Class;)Lnet/bytebuddy/description/annotation/Annotati
Event: 6436.734 Thread 0x0000021e5756e580 DEOPT PACKING pc=0x0000021e45d49a60 sp=0x000000b45c7fbb90
Event: 6436.734 Thread 0x0000021e5756e580 DEOPT UNPACKING pc=0x0000021e3decd72e sp=0x000000b45c7fbb10 mode 2
Event: 6437.021 Thread 0x0000021e53590ef0 Uncommon trap: trap_request=0xffffffbe fr.pc=0x0000021e465b8b74 relative=0x00000000000010f4
Event: 6437.021 Thread 0x0000021e53590ef0 Uncommon trap: reason=profile_predicate action=maybe_recompile pc=0x0000021e465b8b74 method=sun.security.util.math.IntegerModuloP.pow(Ljava/math/BigInteger;)Lsun/security/util/math/ImmutableIntegerModuloP; @ 37 c2
Event: 6437.021 Thread 0x0000021e53590ef0 DEOPT PACKING pc=0x0000021e465b8b74 sp=0x000000b45cffda40
Event: 6437.021 Thread 0x0000021e53590ef0 DEOPT UNPACKING pc=0x0000021e3decd72e sp=0x000000b45cffda48 mode 2
Event: 6444.498 Thread 0x0000021e5756f570 Uncommon trap: trap_request=0xffffff5c fr.pc=0x0000021e464c7748 relative=0x0000000000002088
Event: 6444.498 Thread 0x0000021e5756f570 Uncommon trap: reason=speculate_null_check action=make_not_entrant pc=0x0000021e464c7748 method=java.util.concurrent.locks.AbstractQueuedSynchronizer.enqueue(Ljava/util/concurrent/locks/AbstractQueuedSynchronizer$Node;)V @ 15 c2
Event: 6444.499 Thread 0x0000021e5756f570 DEOPT PACKING pc=0x0000021e464c7748 sp=0x000000b45cbfefd0
Event: 6444.499 Thread 0x0000021e5756f570 DEOPT UNPACKING pc=0x0000021e3decd72e sp=0x000000b45cbfed70 mode 2

Classes unloaded (20 events):
Event: 2625.766 Thread 0x0000021e367c05c0 Unloading class 0x0000000801180400 'jdk/internal/reflect/GeneratedConstructorAccessor30'
Event: 2625.774 Thread 0x0000021e367c05c0 Unloading class 0x0000000801180000 'jdk/internal/reflect/GeneratedConstructorAccessor29'
Event: 2625.779 Thread 0x0000021e367c05c0 Unloading class 0x000000080108c000 'jdk/internal/reflect/GeneratedConstructorAccessor28'
Event: 2625.795 Thread 0x0000021e367c05c0 Unloading class 0x0000000800e94400 'jdk/internal/reflect/GeneratedConstructorAccessor12'
Event: 2625.812 Thread 0x0000021e367c05c0 Unloading class 0x0000000800e8c800 'jdk/internal/reflect/GeneratedConstructorAccessor11'
Event: 2625.813 Thread 0x0000021e367c05c0 Unloading class 0x0000000800e8c400 'jdk/internal/reflect/GeneratedConstructorAccessor10'
Event: 2625.822 Thread 0x0000021e367c05c0 Unloading class 0x0000000800e8c000 'jdk/internal/reflect/GeneratedConstructorAccessor9'
Event: 2625.870 Thread 0x0000021e367c05c0 Unloading class 0x0000000800e80000 'jdk/internal/reflect/GeneratedConstructorAccessor8'
Event: 2712.107 Thread 0x0000021e367c05c0 Unloading class 0x00000008015d0800 'org/apache/catalina/loader/JdbcLeakPrevention'
Event: 2712.107 Thread 0x0000021e367c05c0 Unloading class 0x00000008015c9400 'jdk/internal/reflect/GeneratedMethodAccessor170'
Event: 2712.107 Thread 0x0000021e367c05c0 Unloading class 0x00000008015c8c00 'jdk/internal/reflect/GeneratedMethodAccessor169'
Event: 2712.107 Thread 0x0000021e367c05c0 Unloading class 0x00000008015c8400 'jdk/internal/reflect/GeneratedMethodAccessor167'
Event: 2712.107 Thread 0x0000021e367c05c0 Unloading class 0x0000000801591800 'jdk/internal/reflect/GeneratedMethodAccessor121'
Event: 3613.532 Thread 0x0000021e367c05c0 Unloading class 0x00000008015e0c00 'org/apache/catalina/loader/JdbcLeakPrevention'
Event: 4219.083 Thread 0x0000021e367c05c0 Unloading class 0x00000008015fbc00 'jdk/internal/reflect/GeneratedMethodAccessor203'
Event: 4219.083 Thread 0x0000021e367c05c0 Unloading class 0x00000008015fc000 'org/apache/catalina/loader/JdbcLeakPrevention'
Event: 4219.083 Thread 0x0000021e367c05c0 Unloading class 0x000000080157c800 'jdk/internal/reflect/GeneratedConstructorAccessor64'
Event: 4219.083 Thread 0x0000021e367c05c0 Unloading class 0x0000000801554000 'jdk/internal/reflect/GeneratedMethodAccessor97'
Event: 4439.778 Thread 0x0000021e367c05c0 Unloading class 0x0000000801605400 'org/apache/catalina/loader/JdbcLeakPrevention'
Event: 5002.224 Thread 0x0000021e367c05c0 Unloading class 0x0000000801614c00 'org/apache/catalina/loader/JdbcLeakPrevention'

Classes redefined (0 events):
No events

Internal exceptions (20 events):
Event: 6445.144 Thread 0x0000021e5756e580 Exception <a 'java/lang/NoClassDefFoundError'{0x00000000c6141330}: com/casjedcem/service/EmailService> (0x00000000c6141330) 
thrown [t:\workspace\open\src\hotspot\share\classfile\systemDictionary.cpp, line 245]
Event: 6445.233 Thread 0x0000021e53593970 Exception <a 'java/io/IOException'{0x00000000c617b0e8}> (0x00000000c617b0e8) 
thrown [t:\workspace\open\src\hotspot\share\prims\jni.cpp, line 579]
Event: 6445.234 Thread 0x0000021e53593970 Exception <a 'java/io/IOException'{0x00000000c617b9f8}> (0x00000000c617b9f8) 
thrown [t:\workspace\open\src\hotspot\share\prims\jni.cpp, line 579]
Event: 6445.236 Thread 0x0000021e53593970 Exception <a 'java/io/IOException'{0x00000000c617d3a0}> (0x00000000c617d3a0) 
thrown [t:\workspace\open\src\hotspot\share\prims\jni.cpp, line 579]
Event: 6445.236 Thread 0x0000021e53593970 Exception <a 'java/io/IOException'{0x00000000c617dcb0}> (0x00000000c617dcb0) 
thrown [t:\workspace\open\src\hotspot\share\prims\jni.cpp, line 579]
Event: 6445.240 Thread 0x0000021e53593970 Exception <a 'java/io/IOException'{0x00000000c617f658}> (0x00000000c617f658) 
thrown [t:\workspace\open\src\hotspot\share\prims\jni.cpp, line 579]
Event: 6445.241 Thread 0x0000021e53593970 Exception <a 'java/io/IOException'{0x00000000c617ff68}> (0x00000000c617ff68) 
thrown [t:\workspace\open\src\hotspot\share\prims\jni.cpp, line 579]
Event: 6445.244 Thread 0x0000021e53593970 Exception <a 'java/io/IOException'{0x00000000c6181910}> (0x00000000c6181910) 
thrown [t:\workspace\open\src\hotspot\share\prims\jni.cpp, line 579]
Event: 6445.245 Thread 0x0000021e53593970 Exception <a 'java/io/IOException'{0x00000000c6182220}> (0x00000000c6182220) 
thrown [t:\workspace\open\src\hotspot\share\prims\jni.cpp, line 579]
Event: 6445.258 Thread 0x0000021e53593970 Exception <a 'java/io/IOException'{0x00000000c6185250}> (0x00000000c6185250) 
thrown [t:\workspace\open\src\hotspot\share\prims\jni.cpp, line 579]
Event: 6445.259 Thread 0x0000021e53593970 Exception <a 'java/io/IOException'{0x00000000c6185b60}> (0x00000000c6185b60) 
thrown [t:\workspace\open\src\hotspot\share\prims\jni.cpp, line 579]
Event: 6445.261 Thread 0x0000021e53593970 Exception <a 'java/io/IOException'{0x00000000c618af08}> (0x00000000c618af08) 
thrown [t:\workspace\open\src\hotspot\share\prims\jni.cpp, line 579]
Event: 6445.263 Thread 0x0000021e53593970 Exception <a 'java/io/IOException'{0x00000000c618cba8}> (0x00000000c618cba8) 
thrown [t:\workspace\open\src\hotspot\share\prims\jni.cpp, line 579]
Event: 6445.264 Thread 0x0000021e53593970 Exception <a 'java/io/IOException'{0x00000000c618e848}> (0x00000000c618e848) 
thrown [t:\workspace\open\src\hotspot\share\prims\jni.cpp, line 579]
Event: 6445.266 Thread 0x0000021e53593970 Exception <a 'java/io/IOException'{0x00000000c61901f0}> (0x00000000c61901f0) 
thrown [t:\workspace\open\src\hotspot\share\prims\jni.cpp, line 579]
Event: 6445.267 Thread 0x0000021e53593970 Exception <a 'java/io/IOException'{0x00000000c6190b00}> (0x00000000c6190b00) 
thrown [t:\workspace\open\src\hotspot\share\prims\jni.cpp, line 579]
Event: 6445.282 Thread 0x0000021e53592980 Exception <a 'java/lang/InterruptedException'{0x00000000c61e9760}: sleep interrupted> (0x00000000c61e9760) 
thrown [t:\workspace\open\src\hotspot\share\prims\jvm.cpp, line 3305]
Event: 6445.336 Thread 0x0000021e5756e580 Exception <a 'java/lang/NoClassDefFoundError'{0x00000000c61d01c0}: liquibase/exception/ChangeLogParseException> (0x00000000c61d01c0) 
thrown [t:\workspace\open\src\hotspot\share\classfile\systemDictionary.cpp, line 245]
Event: 6445.354 Thread 0x0000021e5756e580 Exception <a 'java/lang/reflect/InvocationTargetException'{0x00000000c602acd8}> (0x00000000c602acd8) 
thrown [t:\workspace\open\src\hotspot\share\runtime\reflection.cpp, line 1157]
Event: 6466.094 Thread 0x0000021e53593970 Exception <a 'java/io/FileNotFoundException'{0x00000000c69cd8f8}> (0x00000000c69cd8f8) 
thrown [t:\workspace\open\src\hotspot\share\prims\jni.cpp, line 579]

Events (20 events):
Event: 6445.181 Thread 0x0000021e53592ed0 Thread exited: 0x0000021e53592ed0
Event: 6445.243 Thread 0x0000021e57a45590 Thread exited: 0x0000021e57a45590
Event: 6445.268 Thread 0x0000021e53593970 Thread exited: 0x0000021e53593970
Event: 6445.282 Thread 0x0000021e53592980 Thread exited: 0x0000021e53592980
Event: 6445.354 Thread 0x0000021e5756e580 Thread exited: 0x0000021e5756e580
Event: 6445.356 Thread 0x0000021e53591ee0 Thread added: 0x0000021e53591ee0
Event: 6445.555 Thread 0x0000021e5756f570 Thread exited: 0x0000021e5756f570
Event: 6445.564 Thread 0x0000021e57570010 Thread exited: 0x0000021e57570010
Event: 6445.575 Executing  VM operation: Cleanup
Event: 6445.576 Executing  VM operation: Cleanup done
Event: 6446.146 Executing  VM operation: G1CollectForAllocation
Event: 6446.295 Executing  VM operation: G1CollectForAllocation done
Event: 6466.007 Thread 0x0000021e53593970 Thread added: 0x0000021e53593970
Event: 6466.418 Executing  VM operation: Cleanup
Event: 6466.418 Executing  VM operation: Cleanup done
Event: 6466.958 Thread 0x0000021e535909a0 Thread added: 0x0000021e535909a0
Event: 6467.158 Thread 0x0000021e535909a0 Thread exited: 0x0000021e535909a0
Event: 6467.426 Executing  VM operation: Cleanup
Event: 6467.426 Executing  VM operation: Cleanup done
Event: 6468.321 Executing  VM operation: G1CollectForAllocation


Dynamic libraries:
0x00007ff7984a0000 - 0x00007ff7984b0000 	C:\Program Files\Java\jdk-16.0.2\bin\java.exe
0x00007ff9dd270000 - 0x00007ff9dd465000 	C:\Windows\SYSTEM32\ntdll.dll
0x00007ff9dbda0000 - 0x00007ff9dbe5d000 	C:\Windows\System32\KERNEL32.DLL
0x00007ff9daef0000 - 0x00007ff9db1bd000 	C:\Windows\System32\KERNELBASE.dll
0x00007ff9dac20000 - 0x00007ff9dad20000 	C:\Windows\System32\ucrtbase.dll
0x00007ff9d1690000 - 0x00007ff9d16a8000 	C:\Program Files\Java\jdk-16.0.2\bin\jli.dll
0x00007ff9d4dd0000 - 0x00007ff9d4de9000 	C:\Program Files\Java\jdk-16.0.2\bin\VCRUNTIME140.dll
0x00007ff9dc010000 - 0x00007ff9dc0be000 	C:\Windows\System32\ADVAPI32.dll
0x00007ff9dba60000 - 0x00007ff9dbafe000 	C:\Windows\System32\msvcrt.dll
0x00007ff9dbd00000 - 0x00007ff9dbd9c000 	C:\Windows\System32\sechost.dll
0x00007ff9dbbd0000 - 0x00007ff9dbcf5000 	C:\Windows\System32\RPCRT4.dll
0x00007ff9db560000 - 0x00007ff9db700000 	C:\Windows\System32\USER32.dll
0x00007ff9dabf0000 - 0x00007ff9dac12000 	C:\Windows\System32\win32u.dll
0x00007ff9dd020000 - 0x00007ff9dd04a000 	C:\Windows\System32\GDI32.dll
0x00007ff9da980000 - 0x00007ff9daa8b000 	C:\Windows\System32\gdi32full.dll
0x00007ff9c9830000 - 0x00007ff9c9aca000 	C:\Windows\WinSxS\amd64_microsoft.windows.common-controls_6595b64144ccf1df_6.0.19041.1110_none_60b5254171f9507e\COMCTL32.dll
0x00007ff9dad70000 - 0x00007ff9dae0d000 	C:\Windows\System32\msvcp_win.dll
0x00007ff9c9b70000 - 0x00007ff9c9b7a000 	C:\Windows\SYSTEM32\VERSION.dll
0x00007ff9db2c0000 - 0x00007ff9db2f0000 	C:\Windows\System32\IMM32.DLL
0x00007ff9d7d10000 - 0x00007ff9d7d1c000 	C:\Program Files\Java\jdk-16.0.2\bin\vcruntime140_1.dll
0x00007ff9ad0e0000 - 0x00007ff9ad171000 	C:\Program Files\Java\jdk-16.0.2\bin\msvcp140.dll
0x00007ff988210000 - 0x00007ff988dbb000 	C:\Program Files\Java\jdk-16.0.2\bin\server\jvm.dll
0x00007ff9db4f0000 - 0x00007ff9db4f8000 	C:\Windows\System32\PSAPI.DLL
0x00007ff9c7ee0000 - 0x00007ff9c7ee9000 	C:\Windows\SYSTEM32\WSOCK32.dll
0x00007ff9db3d0000 - 0x00007ff9db43b000 	C:\Windows\System32\WS2_32.dll
0x00007ff9c94c0000 - 0x00007ff9c94e7000 	C:\Windows\SYSTEM32\WINMM.dll
0x00007ff9d91c0000 - 0x00007ff9d91d2000 	C:\Windows\SYSTEM32\kernel.appcore.dll
0x00007ff9d25f0000 - 0x00007ff9d25fa000 	C:\Program Files\Java\jdk-16.0.2\bin\jimage.dll
0x00007ff9c9570000 - 0x00007ff9c9754000 	C:\Windows\SYSTEM32\DBGHELP.DLL
0x00007ff9c9370000 - 0x00007ff9c939c000 	C:\Windows\SYSTEM32\dbgcore.DLL
0x00007ff9db1c0000 - 0x00007ff9db242000 	C:\Windows\System32\bcryptPrimitives.dll
0x00007ff9c46f0000 - 0x00007ff9c4715000 	C:\Program Files\Java\jdk-16.0.2\bin\java.dll
0x00007ff9dc6b0000 - 0x00007ff9dcdf4000 	C:\Windows\System32\SHELL32.dll
0x00007ff9d8a20000 - 0x00007ff9d91b4000 	C:\Windows\SYSTEM32\windows.storage.dll
0x00007ff9db700000 - 0x00007ff9dba54000 	C:\Windows\System32\combase.dll
0x00007ff9da300000 - 0x00007ff9da32c000 	C:\Windows\SYSTEM32\Wldp.dll
0x00007ff9db440000 - 0x00007ff9db4ed000 	C:\Windows\System32\SHCORE.dll
0x00007ff9dc0c0000 - 0x00007ff9dc115000 	C:\Windows\System32\shlwapi.dll
0x00007ff9da8c0000 - 0x00007ff9da8df000 	C:\Windows\SYSTEM32\profapi.dll
0x00007ff9cd300000 - 0x00007ff9cd319000 	C:\Program Files\Java\jdk-16.0.2\bin\net.dll
0x00007ff9cd000000 - 0x00007ff9cd10a000 	C:\Windows\SYSTEM32\WINHTTP.dll
0x00007ff9da0e0000 - 0x00007ff9da14a000 	C:\Windows\system32\mswsock.dll
0x00007ff9caac0000 - 0x00007ff9caad3000 	C:\Program Files\Java\jdk-16.0.2\bin\nio.dll
0x00007ff9ca240000 - 0x00007ff9ca258000 	C:\Program Files\Java\jdk-16.0.2\bin\zip.dll
0x00007ff9ca9c0000 - 0x00007ff9ca9d0000 	C:\Program Files\Java\jdk-16.0.2\bin\verify.dll
0x00007ff9d28d0000 - 0x00007ff9d28d9000 	C:\Program Files\Java\jdk-16.0.2\bin\management.dll
0x00007ff9d1660000 - 0x00007ff9d166b000 	C:\Program Files\Java\jdk-16.0.2\bin\management_ext.dll
0x00007ff9c8260000 - 0x00007ff9c8277000 	C:\Windows\system32\napinsp.dll
0x00007ff9c8200000 - 0x00007ff9c821b000 	C:\Windows\system32\pnrpnsp.dll
0x00007ff9c81e0000 - 0x00007ff9c81f5000 	C:\Windows\system32\wshbth.dll
0x00007ff9d6130000 - 0x00007ff9d614d000 	C:\Windows\system32\NLAapi.dll
0x00007ff9d9da0000 - 0x00007ff9d9ddb000 	C:\Windows\SYSTEM32\IPHLPAPI.DLL
0x00007ff9d9df0000 - 0x00007ff9d9ebb000 	C:\Windows\SYSTEM32\DNSAPI.dll
0x00007ff9dd050000 - 0x00007ff9dd058000 	C:\Windows\System32\NSI.dll
0x00007ff9c81c0000 - 0x00007ff9c81d2000 	C:\Windows\System32\winrnr.dll
0x00007ff9cbf00000 - 0x00007ff9cbf0a000 	C:\Windows\System32\rasadhlp.dll
0x00007ff9ccef0000 - 0x00007ff9ccf70000 	C:\Windows\System32\fwpuclnt.dll
0x00007ff9dae10000 - 0x00007ff9dae37000 	C:\Windows\System32\bcrypt.dll
0x00007ff9da680000 - 0x00007ff9da698000 	C:\Windows\SYSTEM32\CRYPTSP.dll
0x00007ff9d9a10000 - 0x00007ff9d9a44000 	C:\Windows\system32\rsaenh.dll
0x00007ff9da840000 - 0x00007ff9da86e000 	C:\Windows\SYSTEM32\USERENV.dll
0x00007ff9da270000 - 0x00007ff9da27c000 	C:\Windows\SYSTEM32\CRYPTBASE.dll
0x00007ff9cfc90000 - 0x00007ff9cfca7000 	C:\Windows\SYSTEM32\dhcpcsvc6.DLL
0x00007ff9d18e0000 - 0x00007ff9d18fd000 	C:\Windows\SYSTEM32\dhcpcsvc.DLL
0x00007ff9c3130000 - 0x00007ff9c313e000 	C:\Program Files\Java\jdk-16.0.2\bin\sunmscapi.dll
0x00007ff9daa90000 - 0x00007ff9dabe6000 	C:\Windows\System32\CRYPT32.dll
0x00007ff9da370000 - 0x00007ff9da397000 	C:\Windows\SYSTEM32\ncrypt.dll
0x00007ff9da330000 - 0x00007ff9da36b000 	C:\Windows\SYSTEM32\NTASN1.dll
0x00007ff9cdcb0000 - 0x00007ff9cdcb7000 	C:\Windows\system32\wshunix.dll

dbghelp: loaded successfully - version: 4.0.5 - missing functions: none
symbol engine: initialized successfully - sym options: 0x614 - pdb path: .;C:\Program Files\Java\jdk-16.0.2\bin;C:\Windows\SYSTEM32;C:\Windows\WinSxS\amd64_microsoft.windows.common-controls_6595b64144ccf1df_6.0.19041.1110_none_60b5254171f9507e;C:\Program Files\Java\jdk-16.0.2\bin\server

VM Arguments:
java_command: com.casjedcem.CasjedcemApplication
java_class_path (initial): C:\Users\menra\OneDrive\Documents\Java Projects\casjedcem\target\classes;C:\Users\menra\.m2\repository\org\springframework\boot\spring-boot-starter-data-jpa\2.6.7\spring-boot-starter-data-jpa-2.6.7.jar;C:\Users\menra\.m2\repository\org\springframework\boot\spring-boot-starter-aop\2.6.7\spring-boot-starter-aop-2.6.7.jar;C:\Users\menra\.m2\repository\org\aspectj\aspectjweaver\1.9.7\aspectjweaver-1.9.7.jar;C:\Users\menra\.m2\repository\org\springframework\boot\spring-boot-starter-jdbc\2.6.7\spring-boot-starter-jdbc-2.6.7.jar;C:\Users\menra\.m2\repository\com\zaxxer\HikariCP\4.0.3\HikariCP-4.0.3.jar;C:\Users\menra\.m2\repository\org\springframework\spring-jdbc\5.3.19\spring-jdbc-5.3.19.jar;C:\Users\menra\.m2\repository\jakarta\transaction\jakarta.transaction-api\1.3.3\jakarta.transaction-api-1.3.3.jar;C:\Users\menra\.m2\repository\jakarta\persistence\jakarta.persistence-api\2.2.3\jakarta.persistence-api-2.2.3.jar;C:\Users\menra\.m2\repository\org\hibernate\hibernate-core\5.6.8.Final\hibernate-core-5.6.8.Final.jar;C:\Users\menra\.m2\repository\org\jboss\logging\jboss-logging\3.4.3.Final\jboss-logging-3.4.3.Final.jar;C:\Users\menra\.m2\repository\net\bytebuddy\byte-buddy\1.11.22\byte-buddy-1.11.22.jar;C:\Users\menra\.m2\repository\antlr\antlr\2.7.7\antlr-2.7.7.jar;C:\Users\menra\.m2\repository\org\jboss\jandex\2.4.2.Final\jandex-2.4.2.Final.jar;C:\Users\menra\.m2\repository\com\fasterxml\classmate\1.5.1\classmate-1.5.1.jar;C:\Users\menra\.m2\repository\org\hibernate\common\hibernate-commons-annotations\5.1.2.Final\hibernate-commons-annotations-5.1.2.Final.jar;C:\Users\menra\.m2\repository\org\glassfish\jaxb\jaxb-runtime\2.3.6\jaxb-runtime-2.3.6.jar;C:\Users\menra\.m2\repository\org\glassfish\jaxb\txw2\2.3.6\txw2-2.3.6.jar;C:\Users\menra\.m2\repository\com\sun\istack\istack-commons-runtime\3.0.12\istack-commons-runtime-3.0.12.jar;C:\Users\menra\.m2\repository\org\springframework\data\spring-data-jpa\2.6.4\spring-data-jpa-2.6.4.jar;C:\Users\menr
Launcher Type: SUN_STANDARD

[Global flags]
     intx CICompilerCount                          = 3                                         {product} {ergonomic}
     uint ConcGCThreads                            = 1                                         {product} {ergonomic}
     uint G1ConcRefinementThreads                  = 4                                         {product} {ergonomic}
   size_t G1HeapRegionSize                         = 1048576                                   {product} {ergonomic}
    uintx GCDrainStackTargetSize                   = 64                                        {product} {ergonomic}
   size_t InitialHeapSize                          = 67108864                                  {product} {ergonomic}
   size_t MarkStackSize                            = 4194304                                   {product} {ergonomic}
   size_t MaxHeapSize                              = 1044381696                                {product} {ergonomic}
   size_t MaxNewSize                               = 625999872                                 {product} {ergonomic}
   size_t MinHeapDeltaBytes                        = 1048576                                   {product} {ergonomic}
   size_t MinHeapSize                              = 8388608                                   {product} {ergonomic}
    uintx NonNMethodCodeHeapSize                   = 5832780                                {pd product} {ergonomic}
    uintx NonProfiledCodeHeapSize                  = 122912730                              {pd product} {ergonomic}
    uintx ProfiledCodeHeapSize                     = 122912730                              {pd product} {ergonomic}
    uintx ReservedCodeCacheSize                    = 251658240                              {pd product} {ergonomic}
     bool SegmentedCodeCache                       = true                                      {product} {ergonomic}
   size_t SoftMaxHeapSize                          = 1044381696                             {manageable} {ergonomic}
     bool UseCompressedClassPointers               = true                           {product lp64_product} {ergonomic}
     bool UseCompressedOops                        = true                           {product lp64_product} {ergonomic}
     bool UseG1GC                                  = true                                      {product} {ergonomic}
     bool UseLargePagesIndividualAllocation        = false                                  {pd product} {ergonomic}

Logging:
Log output configuration:
 #0: stdout all=warning uptime,level,tags
 #1: stderr all=off uptime,level,tags

Environment Variables:
JAVA_HOME=C:\Program Files\Java\jdk-16.0.2
PATH=C:\Program Files\Common Files\Oracle\Java\javapath;C:\Program Files (x86)\Common Files\Oracle\Java\javapath;C:\Program Files (x86)\Common Files\Intel\Shared Libraries\redist\intel64\compiler;C:\Windows\system32;C:\Windows;C:\Windows\System32\Wbem;C:\Windows\System32\WindowsPowerShell\v1.0\;C:\Windows\System32\OpenSSH\;C:\MinGW\bin;C:\Program Files\nodejs\;C:\Program Files\Git\cmd;C:\Program Files\PuTTY\;;C:\Program Files\Microsoft VS Code\bin;C:\Users\menra\AppData\Local\Programs\Python\Python39\Scripts\;C:\Users\menra\AppData\Local\Programs\Python\Python39\;C:\Users\menra\AppData\Local\Microsoft\WindowsApps;C:\Users\menra\AppData\Roaming\npm;C:\Program Files\Azure Data Studio\bin;C:\Program Files\JetBrains\PyCharm Community Edition 2022.1\bin;;C:\Program Files\PhP;C:\Program Files\JetBrains\PhpStorm 2021.3.1\bin;;C:\Program Files (x86)\Inno Setup 6;C:\Program Files\apache-cassandra-3.11.12\bin;C:\Users\menra\OneDrive\Bureau\Spring Boot\spring-2.6.5\bin;C:\Program Files\Java\jdk-11.0.14\bin;C:\Program Files\Java\jdk-11.0.14;C:\apache-maven-3.8.5\bin;C:\Program Files\MongoDB\Server\4.4\bin;
USERNAME=menra
OS=Windows_NT
PROCESSOR_IDENTIFIER=Intel64 Family 6 Model 42 Stepping 7, GenuineIntel



---------------  S Y S T E M  ---------------

OS:
 Windows 10 , 64 bit Build 19041 (10.0.19041.1706)
OS uptime: 0 days 6:30 hours
Hyper-V role detected

CPU: total 4 (initial active 4) (2 cores per cpu, 2 threads per core) family 6 model 42 stepping 7 microcode 0x2f, cx8, cmov, fxsr, ht, mmx, sse, sse2, sse3, ssse3, sse4.1, sse4.2, popcnt, tsc, tscinvbit, avx, aes, clmul, vzeroupper, clflush, hv

Memory: 4k page, system-wide physical 3979M (414M free)
TotalPageFile size 9873M (AvailPageFile size 92M)
current process WorkingSet (physical memory assigned to process): 265M, peak: 384M
current process commit charge ("private bytes"): 369M, peak: 499M

vm_info: Java HotSpot(TM) 64-Bit Server VM (16.0.2+7-67) for windows-amd64 JRE (16.0.2+7-67), built on Jun  8 2021 23:24:19 by "mach5one" with MS VC++ 16.7 (VS2019)

END.
